mode: set
github.com/sugarme/sermo/vocab/vocab.go:14.30,16.2 1 0
github.com/sugarme/sermo/vocab/vocab.go:26.32,28.27 2 1
github.com/sugarme/sermo/vocab/vocab.go:31.2,31.24 1 1
github.com/sugarme/sermo/vocab/vocab.go:28.27,30.3 1 1
github.com/sugarme/sermo/vocab/vocab.go:36.42,38.16 2 1
github.com/sugarme/sermo/vocab/vocab.go:41.2,44.21 4 1
github.com/sugarme/sermo/vocab/vocab.go:48.2,48.17 1 1
github.com/sugarme/sermo/vocab/vocab.go:38.16,40.3 1 0
github.com/sugarme/sermo/vocab/vocab.go:44.21,46.3 1 1
github.com/sugarme/sermo/vocab/vocab.go:52.40,54.23 1 1
github.com/sugarme/sermo/vocab/vocab.go:59.2,60.12 2 1
github.com/sugarme/sermo/vocab/vocab.go:54.23,57.3 2 0
github.com/sugarme/sermo/vocab/vocab.go:65.49,67.9 2 1
github.com/sugarme/sermo/vocab/vocab.go:71.2,71.20 1 1
github.com/sugarme/sermo/vocab/vocab.go:67.9,70.3 2 0
github.com/sugarme/sermo/vocab/vocab.go:75.46,76.31 1 1
github.com/sugarme/sermo/vocab/vocab.go:83.2,83.27 1 1
github.com/sugarme/sermo/vocab/vocab.go:76.31,77.22 1 1
github.com/sugarme/sermo/vocab/vocab.go:77.22,79.9 2 1
github.com/sugarme/sermo/vocab/vocab.go:87.37,89.31 2 1
github.com/sugarme/sermo/vocab/vocab.go:96.2,96.14 1 1
github.com/sugarme/sermo/vocab/vocab.go:89.31,90.22 1 1
github.com/sugarme/sermo/vocab/vocab.go:90.22,92.9 2 1
github.com/sugarme/sermo/vocab/vocab.go:100.44,102.29 2 1
github.com/sugarme/sermo/vocab/vocab.go:109.2,109.14 1 1
github.com/sugarme/sermo/vocab/vocab.go:102.29,103.17 1 1
github.com/sugarme/sermo/vocab/vocab.go:103.17,105.9 2 1
github.com/sugarme/sermo/vocab/vocab.go:114.27,116.2 1 1
github.com/sugarme/sermo/vocab/wordpiece.go:9.13,11.2 1 0
