mode: set
github.com/sugarme/sermo/tokenize/tokenizer.go:21.60,23.2 1 1
github.com/sugarme/sermo/tokenize/tokenizer.go:30.41,35.2 1 1
github.com/sugarme/sermo/tokenize/tokenizer.go:45.89,46.28 1 1
github.com/sugarme/sermo/tokenize/tokenizer.go:46.28,52.3 1 1
github.com/sugarme/sermo/tokenize/tokenizer.go:55.57,58.25 2 1
github.com/sugarme/sermo/tokenize/tokenizer.go:62.2,62.12 1 1
github.com/sugarme/sermo/tokenize/tokenizer.go:58.25,60.3 1 1
github.com/sugarme/sermo/tokenize/unicode.go:37.29,38.11 1 1
github.com/sugarme/sermo/tokenize/unicode.go:46.2,46.46 1 1
github.com/sugarme/sermo/tokenize/unicode.go:39.12,40.15 1 1
github.com/sugarme/sermo/tokenize/unicode.go:41.12,42.15 1 1
github.com/sugarme/sermo/tokenize/unicode.go:43.12,44.15 1 0
github.com/sugarme/sermo/tokenize/unicode.go:50.27,51.11 1 1
github.com/sugarme/sermo/tokenize/unicode.go:61.2,61.34 1 1
github.com/sugarme/sermo/tokenize/unicode.go:52.11,53.14 1 1
github.com/sugarme/sermo/tokenize/unicode.go:54.12,55.14 1 1
github.com/sugarme/sermo/tokenize/unicode.go:56.12,57.14 1 1
github.com/sugarme/sermo/tokenize/unicode.go:58.12,59.14 1 0
github.com/sugarme/sermo/tokenize/unicode.go:65.27,67.2 1 1
github.com/sugarme/sermo/tokenize/unicode.go:70.29,72.2 1 1
github.com/sugarme/sermo/tokenize/word.go:16.63,21.2 1 1
github.com/sugarme/sermo/tokenize/word.go:29.54,37.2 4 1
github.com/sugarme/sermo/tokenize/word.go:39.31,41.24 2 1
github.com/sugarme/sermo/tokenize/word.go:50.2,50.19 1 1
github.com/sugarme/sermo/tokenize/word.go:41.24,42.44 1 1
github.com/sugarme/sermo/tokenize/word.go:42.44,43.12 1 0
github.com/sugarme/sermo/tokenize/word.go:44.9,44.24 1 1
github.com/sugarme/sermo/tokenize/word.go:44.24,46.4 1 1
github.com/sugarme/sermo/tokenize/word.go:46.9,48.4 1 1
github.com/sugarme/sermo/tokenize/word.go:53.38,55.41 2 1
github.com/sugarme/sermo/tokenize/word.go:60.2,60.19 1 1
github.com/sugarme/sermo/tokenize/word.go:55.41,56.33 1 1
github.com/sugarme/sermo/tokenize/word.go:56.33,58.4 1 1
github.com/sugarme/sermo/tokenize/word.go:63.38,67.24 3 1
github.com/sugarme/sermo/tokenize/word.go:77.2,77.17 1 1
github.com/sugarme/sermo/tokenize/word.go:80.2,80.13 1 1
github.com/sugarme/sermo/tokenize/word.go:67.24,68.17 1 1
github.com/sugarme/sermo/tokenize/word.go:68.17,72.4 3 1
github.com/sugarme/sermo/tokenize/word.go:72.9,74.4 1 1
github.com/sugarme/sermo/tokenize/word.go:77.17,79.3 1 1
github.com/sugarme/sermo/tokenize/word.go:83.53,88.11 3 1
github.com/sugarme/sermo/tokenize/word.go:92.2,93.27 2 1
github.com/sugarme/sermo/tokenize/word.go:98.2,99.16 2 1
github.com/sugarme/sermo/tokenize/word.go:88.11,90.3 1 1
github.com/sugarme/sermo/tokenize/word.go:93.27,96.3 2 1
github.com/sugarme/sermo/tokenize/word.go:102.37,104.24 2 1
github.com/sugarme/sermo/tokenize/word.go:110.2,110.13 1 1
github.com/sugarme/sermo/tokenize/word.go:104.24,108.3 3 1
github.com/sugarme/sermo/tokenize/word.go:115.43,121.27 3 1
github.com/sugarme/sermo/tokenize/word.go:126.2,126.16 1 1
github.com/sugarme/sermo/tokenize/word.go:121.27,122.16 1 1
github.com/sugarme/sermo/tokenize/word.go:122.16,124.4 1 1
github.com/sugarme/sermo/tokenize/word.go:131.36,133.24 2 1
github.com/sugarme/sermo/tokenize/word.go:142.2,142.19 1 1
github.com/sugarme/sermo/tokenize/word.go:133.24,134.19 1 1
github.com/sugarme/sermo/tokenize/word.go:134.19,138.4 3 1
github.com/sugarme/sermo/tokenize/word.go:138.9,140.4 1 1
github.com/sugarme/sermo/tokenize/wordpiece.go:25.49,30.2 1 0
github.com/sugarme/sermo/tokenize/wordpiece.go:35.60,41.25 3 1
github.com/sugarme/sermo/tokenize/wordpiece.go:44.2,44.16 1 1
github.com/sugarme/sermo/tokenize/wordpiece.go:41.25,43.3 1 1
github.com/sugarme/sermo/tokenize/wordpiece.go:47.70,49.43 2 1
github.com/sugarme/sermo/tokenize/wordpiece.go:64.2,64.13 1 1
github.com/sugarme/sermo/tokenize/wordpiece.go:49.43,50.33 1 1
github.com/sugarme/sermo/tokenize/wordpiece.go:54.3,54.35 1 1
github.com/sugarme/sermo/tokenize/wordpiece.go:50.33,52.12 2 0
github.com/sugarme/sermo/tokenize/wordpiece.go:54.35,56.17 2 1
github.com/sugarme/sermo/tokenize/wordpiece.go:60.4,61.45 2 1
github.com/sugarme/sermo/tokenize/wordpiece.go:56.17,58.10 2 0
github.com/sugarme/sermo/tokenize/wordpiece.go:69.53,71.2 1 0
github.com/sugarme/sermo/tokenize/wordpiece.go:74.58,76.2 1 0
